[2018-09-04 15:25:15] my_logger.INFO: GET /ships [] []
[2018-09-04 15:28:42] my_logger.INFO: GET /ships [] []
[2018-09-04 15:28:43] my_logger.INFO: GET /ships [] []
[2018-09-04 15:35:30] my_logger.INFO: GET /ships [] []
[2018-09-04 15:38:18] my_logger.INFO: GET /ships [] []
[2018-09-04 15:38:19] my_logger.INFO: GET /ships [] []
[2018-09-04 15:38:41] my_logger.INFO: GET /ships [] []
[2018-09-04 15:38:42] my_logger.INFO: GET /ships [] []
[2018-09-04 15:41:08] my_logger.INFO: GET /ships [] []
[2018-09-04 15:41:09] my_logger.INFO: GET /ships [] []
[2018-09-04 15:48:10] my_logger.INFO: GET /ships [] []
[2018-09-04 15:49:23] my_logger.INFO: GET /ships [] []
[2018-09-04 15:55:22] my_logger.INFO: GET /ships [] []
[2018-09-04 15:55:25] my_logger.INFO: GET /ships/1 [] []
[2018-09-04 15:55:27] my_logger.INFO: GET /ships/1 [] []
[2018-09-04 15:55:41] my_logger.INFO: GET /ships [] []
[2018-09-04 16:16:06] my_logger.INFO: GET /ships [] []
[2018-09-04 16:27:13] my_logger.INFO: GET /ships [] []
[2018-09-04 16:27:13] my_logger.INFO: GET /ships [] []
[2018-09-04 16:28:14] my_logger.INFO: GET /ships [] []
[2018-09-04 18:10:20] my_logger.INFO: GET /ships [] []
[2018-09-04 18:11:59] my_logger.INFO: GET /ships [] []
[2018-09-04 18:12:11] my_logger.INFO: GET /ships/1 [] []
[2018-09-04 18:12:14] my_logger.INFO: GET /ships [] []
[2018-09-04 18:12:34] my_logger.INFO: GET /ships [] []
[2018-09-04 22:17:52] my_logger.INFO: GET /ships [] []
[2018-09-04 22:17:52] my_logger.INFO: PUT /ships/1 [] []
[2018-09-04 22:17:52] my_logger.INFO: PUT /ships/1 [] []
[2018-09-04 22:20:12] my_logger.INFO: GET /ships [] []
[2018-09-04 22:20:12] my_logger.INFO: PUT /ships/1 [] []
[2018-09-04 22:20:12] my_logger.INFO: PUT /ships/1 [] []
[2018-09-04 22:20:12] my_logger.INFO: DELETE /ships/1 [] []
[2018-09-04 22:20:12] my_logger.INFO: DELETE /ships/1 [] []
[2018-09-04 22:20:38] my_logger.INFO: GET /ships [] []
[2018-09-04 22:20:38] my_logger.INFO: PUT /ships/1 [] []
[2018-09-04 22:20:38] my_logger.INFO: PUT /ships/1 [] []
[2018-09-04 22:20:38] my_logger.INFO: DELETE /ships/1 [] []
[2018-09-04 22:20:38] my_logger.INFO: DELETE /ships/1 [] []
[2018-09-04 22:21:32] my_logger.INFO: GET /ships [] []
[2018-09-04 22:21:32] my_logger.INFO: GET /ships/1 [] []
[2018-09-04 22:21:32] my_logger.INFO: GET /ships/1 [] []
[2018-09-04 22:21:32] my_logger.INFO: PUT /ships/1 [] []
[2018-09-04 22:21:32] my_logger.INFO: PUT /ships/1 [] []
[2018-09-04 22:21:32] my_logger.INFO: PUT /ships/1 [] []
[2018-09-04 22:21:32] my_logger.INFO: DELETE /ships/1 [] []
[2018-09-04 22:21:32] my_logger.INFO: DELETE /ships/1 [] []
[2018-09-04 22:24:17] my_logger.INFO: GET /ships [] []
[2018-09-04 22:24:17] my_logger.INFO: GET /ships/1 [] []
[2018-09-04 22:24:17] my_logger.INFO: GET /ships/1 [] []
[2018-09-04 22:24:17] my_logger.INFO: PUT /ships/1 [] []
[2018-09-04 22:24:17] my_logger.INFO: PUT /ships/1 [] []
[2018-09-04 22:24:17] my_logger.INFO: PUT /ships/1 [] []
[2018-09-04 22:24:17] my_logger.INFO: DELETE /ships/1 [] []
[2018-09-04 22:24:17] my_logger.INFO: DELETE /ships/1 [] []
[2018-09-05 05:34:54] my_logger.INFO: GET /ships [] []
[2018-09-05 05:34:54] my_logger.INFO: GET /ships/1 [] []
[2018-09-05 05:34:54] my_logger.INFO: GET /ships/1 [] []
[2018-09-05 05:34:54] my_logger.INFO: PUT /ships/1 [] []
[2018-09-05 05:34:54] my_logger.INFO: PUT /ships/1 [] []
[2018-09-05 05:34:54] my_logger.INFO: PUT /ships/1 [] []
[2018-09-05 05:34:54] my_logger.INFO: DELETE /ships/1 [] []
[2018-09-05 05:34:54] my_logger.INFO: DELETE /ships/1 [] []
[2018-09-05 05:35:12] my_logger.INFO: GET /ships [] []
[2018-09-05 05:35:12] my_logger.INFO: GET /ships/1 [] []
[2018-09-05 05:35:12] my_logger.INFO: GET /ships/1 [] []
[2018-09-05 05:35:12] my_logger.INFO: PUT /ships/1 [] []
[2018-09-05 05:35:12] my_logger.INFO: PUT /ships/1 [] []
[2018-09-05 05:35:12] my_logger.INFO: PUT /ships/1 [] []
[2018-09-05 05:35:12] my_logger.INFO: DELETE /ships/1 [] []
[2018-09-05 05:35:12] my_logger.INFO: DELETE /ships/1 [] []
[2018-09-05 05:35:27] my_logger.INFO: GET /ships [] []
[2018-09-05 05:35:27] my_logger.INFO: GET /ships/1 [] []
[2018-09-05 05:35:27] my_logger.INFO: GET /ships/1 [] []
[2018-09-05 05:35:27] my_logger.INFO: PUT /ships/1 [] []
[2018-09-05 05:35:27] my_logger.INFO: PUT /ships/1 [] []
[2018-09-05 05:35:27] my_logger.INFO: PUT /ships/1 [] []
[2018-09-05 05:35:27] my_logger.INFO: DELETE /ships/1 [] []
[2018-09-05 05:35:27] my_logger.INFO: DELETE /ships/1 [] []
[2018-09-05 05:41:17] my_logger.INFO: GET /ships [] []
[2018-09-05 05:41:17] my_logger.INFO: GET /ships/1 [] []
[2018-09-05 05:41:17] my_logger.INFO: GET /ships/1 [] []
[2018-09-05 05:41:17] my_logger.INFO: PUT /ships/1 [] []
[2018-09-05 05:41:17] my_logger.INFO: PUT /ships/1 [] []
[2018-09-05 05:41:17] my_logger.INFO: PUT /ships/1 [] []
[2018-09-05 05:41:17] my_logger.INFO: DELETE /ships/1 [] []
[2018-09-05 05:41:17] my_logger.INFO: DELETE /ships/1 [] []
[2018-09-05 05:47:46] my_logger.INFO: GET /ships [] []
[2018-09-05 05:47:46] my_logger.INFO: GET /ships/1 [] []
[2018-09-05 05:47:46] my_logger.INFO: GET /ships/1 [] []
[2018-09-05 05:47:46] my_logger.INFO: PUT /ships/1 [] []
[2018-09-05 05:47:46] my_logger.INFO: PUT /ships/1 [] []
[2018-09-05 05:47:46] my_logger.INFO: PUT /ships/1 [] []
[2018-09-05 05:47:46] my_logger.INFO: DELETE /ships/1 [] []
[2018-09-05 05:47:46] my_logger.INFO: DELETE /ships/1 [] []
[2018-09-05 05:57:46] my_logger.INFO: GET /ships [] []
[2018-09-05 05:57:46] my_logger.INFO: GET /ships/1 [] []
[2018-09-05 05:57:46] my_logger.INFO: GET /ships/1 [] []
[2018-09-05 05:57:46] my_logger.INFO: PUT /ships/1 [] []
[2018-09-05 05:57:46] my_logger.INFO: PUT /ships/1 [] []
[2018-09-05 05:57:46] my_logger.INFO: PUT /ships/1 [] []
[2018-09-05 05:57:46] my_logger.INFO: DELETE /ships/1 [] []
[2018-09-05 05:57:46] my_logger.INFO: DELETE /ships/1 [] []
[2018-09-05 06:01:44] my_logger.INFO: GET /ships [] []
[2018-09-05 06:01:44] my_logger.INFO: GET /ships/1 [] []
[2018-09-05 06:01:44] my_logger.INFO: GET /ships/1 [] []
[2018-09-05 06:01:44] my_logger.INFO: PUT /ships/1 [] []
[2018-09-05 06:01:44] my_logger.INFO: PUT /ships/1 [] []
[2018-09-05 06:01:44] my_logger.INFO: PUT /ships/1 [] []
[2018-09-05 06:01:44] my_logger.INFO: DELETE /ships/1 [] []
[2018-09-05 06:01:44] my_logger.INFO: DELETE /ships/1 [] []
[2018-09-05 06:07:10] my_logger.INFO: GET /ships [] []
[2018-09-05 06:07:10] my_logger.INFO: GET /ships/1 [] []
[2018-09-05 06:07:10] my_logger.INFO: GET /ships/1 [] []
[2018-09-05 06:07:10] my_logger.INFO: PUT /ships/1 [] []
[2018-09-05 06:07:10] my_logger.INFO: PUT /ships/1 [] []
[2018-09-05 06:07:10] my_logger.INFO: PUT /ships/1 [] []
[2018-09-05 06:07:10] my_logger.INFO: DELETE /ships/1 [] []
[2018-09-05 06:07:10] my_logger.INFO: DELETE /ships/1 [] []
[2018-09-05 06:09:14] my_logger.INFO: GET /ships [] []
[2018-09-05 06:09:14] my_logger.INFO: GET /ships/1 [] []
[2018-09-05 06:09:14] my_logger.INFO: GET /ships/1 [] []
[2018-09-05 06:09:14] my_logger.INFO: PUT /ships/1 [] []
[2018-09-05 06:09:14] my_logger.INFO: PUT /ships/1 [] []
[2018-09-05 06:09:14] my_logger.INFO: PUT /ships/1 [] []
[2018-09-05 06:09:14] my_logger.INFO: DELETE /ships/1 [] []
[2018-09-05 06:09:14] my_logger.INFO: DELETE /ships/1 [] []
[2018-09-07 13:57:44] my_logger.INFO: GET /ships [] []
[2018-09-10 16:39:43] my_logger.INFO: GET /ships [] []
[2018-09-10 16:41:22] my_logger.INFO: GET /ships [] []
[2018-09-10 16:42:14] my_logger.INFO: GET /ships/1 [] []
[2018-09-10 16:42:17] my_logger.INFO: GET /ships/1 [] []
[2018-09-10 16:58:33] my_logger.INFO: GET /ships [] []
[2018-09-10 16:58:35] my_logger.INFO: GET /ships [] []
[2018-09-10 16:59:17] my_logger.INFO: GET /ships/1 [] []
[2018-09-10 17:27:35] my_logger.INFO: GET /ships/1 [] []
[2018-09-10 17:27:47] my_logger.INFO: GET /ships/2 [] []
[2018-09-10 17:27:54] my_logger.INFO: GET /ships/4 [] []
[2018-09-10 17:45:52] my_logger.INFO: GET /ships [] []
[2018-09-10 19:29:17] my_logger.INFO: GET /ships [] []
[2018-09-11 11:42:59] my_logger.INFO: GET /ships [] []
[2018-09-12 12:40:33] my_logger.INFO: GET /ships [] []
[2018-09-12 12:42:29] my_logger.INFO: GET /ships/1 [] []
[2018-09-12 12:42:32] my_logger.INFO: GET /ships/1 [] []
[2018-09-12 12:43:22] my_logger.INFO: POST /ships/ [] []
[2018-09-12 12:43:23] my_logger.INFO: GET /ships [] []
[2018-09-12 12:43:29] my_logger.INFO: GET /ships/12 [] []
[2018-09-12 12:43:34] my_logger.INFO: PUT /ships/12 [] []
[2018-09-12 12:43:34] my_logger.INFO: GET /ships [] []
[2018-09-12 12:43:38] my_logger.INFO: GET /ships/12 [] []
[2018-09-12 12:43:44] my_logger.INFO: PUT /ships/12 [] []
[2018-09-12 12:43:45] my_logger.INFO: GET /ships [] []
[2018-09-12 12:43:48] my_logger.INFO: GET /ships/12 [] []
[2018-09-12 12:43:55] my_logger.INFO: PUT /ships/12 [] []
[2018-09-12 12:43:55] my_logger.INFO: GET /ships [] []
[2018-09-12 12:45:26] my_logger.INFO: GET /ships [] []
[2018-09-12 12:45:33] my_logger.INFO: GET /ships [] []
[2018-09-12 12:54:27] my_logger.INFO: GET /ships [] []
[2018-09-12 12:55:58] my_logger.INFO: GET /ships [] []
[2018-09-12 12:55:59] my_logger.INFO: GET /ships [] []
[2018-09-12 12:56:31] my_logger.INFO: GET /ships [] []
[2018-09-12 12:56:35] my_logger.INFO: GET /ships [] []
[2018-09-12 12:57:22] my_logger.INFO: GET /ships [] []
[2018-09-12 12:57:23] my_logger.INFO: GET /ships [] []
[2018-09-12 13:02:12] my_logger.INFO: GET /ships [] []
[2018-09-12 13:02:23] my_logger.INFO: GET /ships [] []
[2018-09-12 13:02:46] my_logger.INFO: GET /ships [] []
[2018-09-12 13:03:34] my_logger.INFO: GET /ships [] []
[2018-09-12 13:04:36] my_logger.INFO: GET /ships [] []
[2018-09-12 13:06:00] my_logger.INFO: GET /ships [] []
[2018-09-12 13:06:08] my_logger.INFO: GET /ships [] []
[2018-09-12 13:07:00] my_logger.INFO: GET /ships [] []
[2018-09-12 13:07:45] my_logger.INFO: GET /ships [] []
[2018-09-12 13:07:51] my_logger.INFO: GET /ships [] []
[2018-09-12 13:08:07] my_logger.INFO: GET /ships [] []
[2018-09-12 13:08:19] my_logger.INFO: GET /ships [] []
[2018-09-12 13:08:44] my_logger.INFO: GET /ships [] []
[2018-09-12 13:10:47] my_logger.INFO: GET /ships [] []
[2018-09-12 13:13:19] my_logger.INFO: GET /ships [] []
[2018-09-12 13:13:39] my_logger.INFO: GET /ships [] []
[2018-09-12 13:13:40] my_logger.INFO: GET /ships [] []
[2018-09-12 13:14:13] my_logger.INFO: GET /ships [] []
[2018-09-12 13:14:37] my_logger.INFO: GET /ships [] []
[2018-09-12 13:14:53] my_logger.INFO: GET /ships [] []
[2018-09-12 13:15:05] my_logger.INFO: GET /ships [] []
[2018-09-12 13:15:32] my_logger.INFO: GET /ships [] []
[2018-09-12 13:15:38] my_logger.INFO: GET /ships [] []
[2018-09-12 13:15:47] my_logger.INFO: GET /ships [] []
[2018-09-12 13:15:48] my_logger.INFO: GET /ships [] []
[2018-09-12 13:15:57] my_logger.INFO: GET /ships [] []
[2018-09-12 13:16:29] my_logger.INFO: GET /ships [] []
[2018-09-12 13:16:37] my_logger.INFO: GET /ships [] []
[2018-09-12 13:16:38] my_logger.INFO: GET /ships [] []
[2018-09-12 13:17:18] my_logger.INFO: GET /ships [] []
[2018-09-12 13:17:38] my_logger.INFO: GET /ships [] []
[2018-09-12 13:17:44] my_logger.INFO: GET /ships [] []
[2018-09-12 13:18:30] my_logger.INFO: GET /ships [] []
[2018-09-12 13:18:43] my_logger.INFO: GET /ships [] []
[2018-09-12 13:20:21] my_logger.INFO: GET /ships [] []
[2018-09-12 13:25:23] my_logger.INFO: GET /ships [] []
[2018-09-12 13:26:08] my_logger.INFO: GET /ships [] []
[2018-09-12 13:26:40] my_logger.INFO: GET /ships [] []
[2018-09-12 13:28:24] my_logger.INFO: GET /ships [] []
[2018-09-12 13:28:50] my_logger.INFO: GET /ships [] []
[2018-09-12 13:29:07] my_logger.INFO: GET /ships [] []
[2018-09-12 13:29:45] my_logger.INFO: GET /ships/1 [] []
[2018-09-12 13:29:51] my_logger.INFO: GET /ships/1 [] []
[2018-09-12 13:45:45] my_logger.INFO: GET /ships [] []
[2018-09-12 13:45:57] my_logger.INFO: GET /ships [] []
[2018-09-12 13:46:26] my_logger.INFO: GET /ships [] []
[2018-09-12 13:46:41] my_logger.INFO: GET /ships [] []
[2018-09-12 13:46:42] my_logger.INFO: GET /ships [] []
[2018-09-12 13:46:52] my_logger.INFO: GET /ships [] []
[2018-09-12 13:48:38] my_logger.INFO: GET /ships/1 [] []
[2018-09-12 13:49:46] my_logger.INFO: GET /ships [] []
[2018-09-12 13:51:19] my_logger.INFO: GET /ships [] []
[2018-09-12 13:51:21] my_logger.INFO: GET /ships/1 [] []
[2018-09-12 13:52:26] my_logger.INFO: GET /ships/1 [] []
[2018-09-12 13:52:34] my_logger.INFO: GET /ships/1 [] []
[2018-09-12 13:52:35] my_logger.INFO: GET /ships/1 [] []
[2018-09-12 14:01:58] my_logger.INFO: GET /ships [] []
[2018-09-12 14:21:14] my_logger.INFO: GET /ships/1 [] []
[2018-09-12 14:21:54] my_logger.INFO: GET /ships/1 [] []
[2018-09-12 14:24:12] my_logger.INFO: GET /ships [] []
[2018-09-12 14:34:13] my_logger.INFO: GET /ships [] []
[2018-09-12 14:37:23] my_logger.INFO: GET /ships/1 [] []
[2018-09-12 14:40:53] my_logger.INFO: GET /ships/1 [] []
[2018-09-12 14:40:56] my_logger.INFO: GET /ships/1 [] []
[2018-09-12 14:44:21] my_logger.INFO: GET /ships [] []
[2018-09-12 14:44:21] my_logger.INFO: GET /ships [] []
[2018-09-12 14:45:40] my_logger.INFO: GET /ships [] []
[2018-09-12 14:45:50] my_logger.INFO: GET /ships/1 [] []
[2018-09-12 14:45:55] my_logger.INFO: GET /ships/1 [] []
[2018-09-12 14:45:56] my_logger.INFO: GET /ships/1 [] []
[2018-09-12 14:46:03] my_logger.INFO: GET /ships/1 [] []
[2018-09-12 14:46:17] my_logger.INFO: GET /ships [] []
[2018-09-12 14:46:38] my_logger.INFO: GET /ships/1 [] []
[2018-09-12 14:46:52] my_logger.INFO: GET /ships [] []
[2018-09-12 14:47:34] my_logger.INFO: GET /ships [] []
[2018-09-12 14:47:41] my_logger.INFO: GET /ships/1 [] []
[2018-09-12 14:48:03] my_logger.INFO: GET /ships [] []
[2018-09-12 14:48:27] my_logger.INFO: GET /ships [] []
[2018-09-12 14:48:33] my_logger.INFO: GET /ships [] []
[2018-09-12 14:49:01] my_logger.INFO: GET /ships [] []
[2018-09-12 14:49:15] my_logger.INFO: GET /ships [] []
[2018-09-12 14:49:40] my_logger.INFO: GET /ships/1 [] []
[2018-09-12 14:50:14] my_logger.INFO: GET /ships [] []
[2018-09-12 14:50:16] my_logger.INFO: GET /ships/1 [] []
[2018-09-12 14:50:24] my_logger.INFO: GET /ships/1 [] []
[2018-09-12 14:50:28] my_logger.INFO: GET /ships/1 [] []
[2018-09-12 14:50:37] my_logger.INFO: GET /ships/1 [] []
[2018-09-12 14:56:21] my_logger.INFO: GET /ships [] []
[2018-09-12 14:57:55] my_logger.INFO: GET /ships [] []
[2018-09-12 14:58:43] my_logger.INFO: GET /ships [] []
[2018-09-12 15:04:48] my_logger.INFO: GET /ships/1 [] []
[2018-09-12 15:05:17] my_logger.INFO: GET /ships/1 [] []
[2018-09-12 15:06:55] my_logger.INFO: GET /ships/1 [] []
[2018-09-12 15:07:30] my_logger.INFO: GET /ships/1 [] []
[2018-09-12 15:07:55] my_logger.INFO: GET /ships [] []
[2018-09-12 15:08:01] my_logger.INFO: GET /ships [] []
[2018-09-12 15:09:13] my_logger.INFO: GET /ships [] []
[2018-09-12 15:09:19] my_logger.INFO: GET /ships [] []
[2018-09-12 16:56:50] my_logger.INFO: GET /ships [] []
[2018-09-12 16:56:54] my_logger.INFO: GET /ships [] []
[2018-09-12 16:57:03] my_logger.INFO: GET /ships [] []
[2018-09-12 17:02:20] my_logger.INFO: GET /ships/1 [] []
[2018-09-12 17:02:24] my_logger.INFO: GET /ships/1 [] []
[2018-09-12 17:03:20] my_logger.INFO: GET /ships [] []
[2018-09-12 17:03:27] my_logger.INFO: GET /ships [] []
[2018-09-12 17:06:59] my_logger.INFO: GET /ships [] []
[2018-09-12 17:07:04] my_logger.INFO: DELETE /ships/1 [] []
[2018-09-12 17:07:04] my_logger.INFO: GET /ships [] []
[2018-09-12 17:11:06] my_logger.INFO: GET /ships [] []
[2018-09-12 18:15:46] my_logger.INFO: DELETE /ships/12 [] []
[2018-09-12 18:15:46] my_logger.INFO: GET /ships [] []
[2018-09-13 13:38:38] my_logger.INFO: GET /ships [] []
[2018-09-13 13:38:38] my_logger.INFO: GET /ships/1 [] []
[2018-09-13 13:38:38] my_logger.INFO: GET /ships/1 [] []
[2018-09-13 13:38:38] my_logger.INFO: PUT /ships/1 [] []
[2018-09-13 13:38:38] my_logger.INFO: PUT /ships/1 [] []
[2018-09-13 13:38:38] my_logger.INFO: PUT /ships/1 [] []
[2018-09-13 13:38:38] my_logger.INFO: DELETE /ships/1 [] []
[2018-09-13 13:38:38] my_logger.INFO: DELETE /ships/1 [] []
[2018-09-13 13:44:32] my_logger.INFO: GET /ships [] []
[2018-09-13 13:44:39] my_logger.INFO: GET /ships [] []
[2018-09-13 13:56:10] my_logger.INFO: GET /ships [] []
[2018-09-13 13:56:10] my_logger.INFO: GET /ships/1 [] []
[2018-09-13 13:56:10] my_logger.INFO: GET /ships/1 [] []
[2018-09-13 13:56:10] my_logger.INFO: PUT /ships/1 [] []
[2018-09-13 13:56:10] my_logger.INFO: PUT /ships/1 [] []
[2018-09-13 13:56:10] my_logger.INFO: PUT /ships/1 [] []
[2018-09-13 13:56:10] my_logger.INFO: DELETE /ships/1 [] []
[2018-09-13 13:56:10] my_logger.INFO: DELETE /ships/1 [] []
[2018-09-13 13:57:41] my_logger.INFO: GET /ships [] []
[2018-09-13 13:57:41] my_logger.INFO: GET /ships/1 [] []
[2018-09-13 13:57:41] my_logger.INFO: GET /ships/1 [] []
[2018-09-13 13:57:41] my_logger.INFO: PUT /ships/1 [] []
[2018-09-13 13:57:41] my_logger.INFO: PUT /ships/1 [] []
[2018-09-13 13:57:41] my_logger.INFO: PUT /ships/1 [] []
[2018-09-13 13:57:41] my_logger.INFO: DELETE /ships/1 [] []
[2018-09-13 13:57:41] my_logger.INFO: DELETE /ships/1 [] []
[2018-09-13 13:58:51] my_logger.INFO: GET /ships [] []
[2018-09-13 13:58:51] my_logger.INFO: GET /ships/1 [] []
[2018-09-13 13:58:51] my_logger.INFO: GET /ships/1 [] []
[2018-09-13 13:58:51] my_logger.INFO: PUT /ships/1 [] []
[2018-09-13 13:58:51] my_logger.INFO: PUT /ships/1 [] []
[2018-09-13 13:58:51] my_logger.INFO: PUT /ships/1 [] []
[2018-09-13 13:58:51] my_logger.INFO: DELETE /ships/1 [] []
[2018-09-13 13:58:51] my_logger.INFO: DELETE /ships/1 [] []
[2018-09-13 14:00:11] my_logger.INFO: GET /ships [] []
[2018-09-13 14:00:11] my_logger.INFO: GET /ships/1 [] []
[2018-09-13 14:00:11] my_logger.INFO: GET /ships/1 [] []
[2018-09-13 14:00:11] my_logger.INFO: PUT /ships/1 [] []
[2018-09-13 14:00:11] my_logger.INFO: PUT /ships/1 [] []
[2018-09-13 14:00:11] my_logger.INFO: PUT /ships/1 [] []
[2018-09-13 14:00:11] my_logger.INFO: DELETE /ships/1 [] []
[2018-09-13 14:00:11] my_logger.INFO: DELETE /ships/1 [] []
[2018-09-13 14:00:58] my_logger.INFO: GET /ships [] []
[2018-09-13 14:00:58] my_logger.INFO: GET /ships/1 [] []
[2018-09-13 14:00:58] my_logger.INFO: GET /ships/1 [] []
[2018-09-13 14:00:58] my_logger.INFO: PUT /ships/1 [] []
[2018-09-13 14:00:58] my_logger.INFO: PUT /ships/1 [] []
[2018-09-13 14:00:58] my_logger.INFO: PUT /ships/1 [] []
[2018-09-13 14:00:58] my_logger.INFO: DELETE /ships/1 [] []
[2018-09-13 14:00:58] my_logger.INFO: DELETE /ships/1 [] []
[2018-09-13 14:02:09] my_logger.INFO: GET /ships [] []
[2018-09-13 14:02:09] my_logger.INFO: GET /ships/1 [] []
[2018-09-13 14:02:09] my_logger.INFO: GET /ships/1 [] []
[2018-09-13 14:02:09] my_logger.INFO: PUT /ships/1 [] []
[2018-09-13 14:02:09] my_logger.INFO: PUT /ships/1 [] []
[2018-09-13 14:02:09] my_logger.INFO: PUT /ships/1 [] []
[2018-09-13 14:02:09] my_logger.INFO: DELETE /ships/1 [] []
[2018-09-13 14:02:09] my_logger.INFO: DELETE /ships/1 [] []
[2018-09-13 14:04:29] my_logger.INFO: GET /ships [] []
[2018-09-13 14:04:31] my_logger.INFO: GET /ships [] []
[2018-09-13 14:06:13] my_logger.INFO: GET /ships/1 [] []
[2018-09-13 14:19:13] my_logger.INFO: GET /ships [] []
[2018-09-13 14:21:09] my_logger.INFO: GET /ships/1 [] []
[2018-09-13 14:21:18] my_logger.INFO: GET /ships [] []
[2018-09-13 14:22:11] my_logger.INFO: GET /ships/1 [] []
[2018-09-13 14:22:39] my_logger.INFO: GET /ships/1 [] []
[2018-09-13 14:22:43] my_logger.INFO: GET /ships/11 [] []
[2018-09-14 11:38:07] my_logger.INFO: GET /ships/11 [] []
[2018-09-14 11:38:40] my_logger.INFO: GET /ships [] []
[2018-09-14 12:33:33] my_logger.INFO: GET /ships [] []
[2018-09-14 12:35:00] my_logger.INFO: GET /ships [] []
[2018-09-14 12:35:33] my_logger.INFO: POST /ships/ [] []
[2018-09-14 12:35:33] my_logger.INFO: GET /ships [] []
[2018-09-14 12:36:30] my_logger.INFO: GET /ships/12 [] []
[2018-09-14 12:36:39] my_logger.INFO: PUT /ships/12 [] []
[2018-09-14 12:36:39] my_logger.INFO: GET /ships [] []
[2018-09-14 12:51:01] my_logger.INFO: GET /ships [] []
[2018-09-14 12:51:55] my_logger.INFO: GET /ships [] []
[2018-09-14 12:51:56] my_logger.INFO: GET /ships [] []
[2018-09-14 12:52:17] my_logger.INFO: GET /ships [] []
[2018-09-14 12:52:18] my_logger.INFO: GET /ships [] []
[2018-09-14 12:53:37] my_logger.INFO: GET /ships [] []
[2018-09-14 12:54:44] my_logger.INFO: GET /ships [] []
[2018-09-14 12:54:45] my_logger.INFO: GET /ships [] []
[2018-09-14 12:56:44] my_logger.INFO: GET /ships [] []
[2018-09-14 12:56:46] my_logger.INFO: GET /ships [] []
[2018-09-14 12:59:10] my_logger.INFO: GET /ships [] []
[2018-09-14 12:59:10] my_logger.INFO: GET /ships [] []
[2018-09-14 13:01:26] my_logger.INFO: GET /ships [] []
[2018-09-14 13:08:28] my_logger.INFO: GET /ships [] []
[2018-09-14 13:15:34] my_logger.INFO: GET /ships [] []
[2018-09-14 13:16:08] my_logger.INFO: GET /ships [] []
[2018-09-14 13:17:38] my_logger.INFO: GET /ships [] []
[2018-09-14 13:21:34] my_logger.INFO: GET /ships [] []
[2018-09-14 13:22:15] my_logger.INFO: GET /ships [] []
[2018-09-14 13:22:30] my_logger.INFO: GET /ships [] []
[2018-09-14 13:23:12] my_logger.INFO: GET /ships [] []
[2018-09-14 13:23:29] my_logger.INFO: GET /ships [] []
[2018-09-14 13:23:52] my_logger.INFO: GET /ships [] []
[2018-09-14 14:09:30] my_logger.INFO: GET /ships [] []
[2018-09-14 14:09:33] my_logger.INFO: GET /ships/1 [] []
[2018-09-14 14:20:48] my_logger.INFO: GET /ships [] []
[2018-09-14 14:37:13] my_logger.INFO: GET /ships/1 [] []
[2018-09-14 15:01:44] my_logger.INFO: GET /ships [] []
